[INFO   ] Logger: Record log in /storage/emulated/0/WINE PLAYER DEFENITIVO APK/Here new/.kivy/logs/kivy_22-10-22_91.txt
[INFO   ] Kivy: v2.0.0
[INFO   ] Kivy: Installed at "/data/user/0/ru.iiec.pydroid3/files/arm-linux-androideabi/lib/python3.9/site-packages/kivy/__init__.py"
[INFO   ] Python: v3.9.7 (default, Oct  9 2021, 08:02:40) 
[GCC 11.1.0]
[INFO   ] Python: Interpreter at "/data/user/0/ru.iiec.pydroid3/files/arm-linux-androideabi/bin/python3"
[INFO   ] Factory: 186 symbols loaded
[INFO   ] Image: Providers: img_tex, img_dds, img_sdl2, img_pil (img_ffpyplayer ignored)
[INFO   ] Text: Provider: sdl2
[INFO   ] Audio: Providers: audio_sdl2 (audio_android, audio_ffpyplayer ignored)
[INFO   ] Window: Provider: sdl2
[INFO   ] GL: Using the "OpenGL ES 2" graphics system
[INFO   ] GL: Backend used <sdl2>
[INFO   ] GL: OpenGL version <b'OpenGL ES 3.2 V@331.0 (GIT@7adeec4758, I21281c58c8) (Date:12/27/18)'>
[INFO   ] GL: OpenGL vendor <b'Qualcomm'>
[INFO   ] GL: OpenGL renderer <b'Adreno (TM) 505'>
[INFO   ] GL: OpenGL parsed version: 3, 2
[INFO   ] GL: Texture max size <16384>
[INFO   ] GL: Texture max units <16>
[INFO   ] Window: auto add sdl2 input provider
[INFO   ] Window: virtual keyboard not allowed, single mode, not docked
[WARNING] stderr: Traceback (most recent call last):
[WARNING] stderr:   File "/data/user/0/ru.iiec.pydroid3/files/arm-linux-androideabi/lib/python3.9/site-packages/kivy/lang/builder.py", line 242, in create_handler
[WARNING] stderr:     return eval(value, idmap), bound_list
[WARNING] stderr:   File "/storage/emulated/0/WINE PLAYER DEFENITIVO APK/Here new/thewineplayer.kv", line 12, in <module>
[WARNING] stderr:     Gradient.vertical(get_color_from_hex("032336"),get_color_from_hex("0C2D3E"),get_color_from_hex("0D171B"),get_color_from_hex("0D171B"),get_color_from_hex("0D171B"))
[WARNING] stderr: NameError: name 'Gradient' is not defined
[WARNING] stderr: 
[WARNING] stderr: During handling of the above exception, another exception occurred:
[WARNING] stderr: 
[WARNING] stderr: Traceback (most recent call last):
[WARNING] stderr:   File "/data/user/0/ru.iiec.pydroid3/files/arm-linux-androideabi/lib/python3.9/site-packages/kivy/lang/builder.py", line 923, in _build_canvas
[WARNING] stderr:     value, _ = create_handler(
[WARNING] stderr:   File "/data/user/0/ru.iiec.pydroid3/files/arm-linux-androideabi/lib/python3.9/site-packages/kivy/lang/builder.py", line 245, in create_handler
[WARNING] stderr:     raise BuilderException(rule.ctx, rule.line,
[WARNING] stderr: kivy.lang.builder.BuilderException: Parser: File "/storage/emulated/0/WINE PLAYER DEFENITIVO APK/Here new/thewineplayer.kv", line 12:
[WARNING] stderr: ...
[WARNING] stderr:      10:	                pos: self.pos
[WARNING] stderr:      11:	                texture: 
[WARNING] stderr: >>   12:	                    Gradient.vertical(get_color_from_hex("032336"),get_color_from_hex("0C2D3E"),get_color_from_hex("0D171B"),get_color_from_hex("0D171B"),get_color_from_hex("0D171B"))
[WARNING] stderr:      13:			size_hint_y:None
[WARNING] stderr:      14:            height:self.minimum_height
[WARNING] stderr: ...
[WARNING] stderr: NameError: name 'Gradient' is not defined
[WARNING] stderr:   File "/data/user/0/ru.iiec.pydroid3/files/arm-linux-androideabi/lib/python3.9/site-packages/kivy/lang/builder.py", line 242, in create_handler
[WARNING] stderr:     return eval(value, idmap), bound_list
[WARNING] stderr:   File "/storage/emulated/0/WINE PLAYER DEFENITIVO APK/Here new/thewineplayer.kv", line 12, in <module>
[WARNING] stderr:     Gradient.vertical(get_color_from_hex("032336"),get_color_from_hex("0C2D3E"),get_color_from_hex("0D171B"),get_color_from_hex("0D171B"),get_color_from_hex("0D171B"))
[WARNING] stderr: 
[WARNING] stderr: 
[WARNING] stderr: During handling of the above exception, another exception occurred:
[WARNING] stderr: 
[WARNING] stderr: Traceback (most recent call last):
[WARNING] stderr:   File "/storage/emulated/0/WINE PLAYER DEFENITIVO APK/Here new/main.py", line 93, in <module>
[WARNING] stderr:     TheWinePlayer().run()
[WARNING] stderr:   File "/data/user/0/ru.iiec.pydroid3/files/arm-linux-androideabi/lib/python3.9/site-packages/kivy/app.py", line 949, in run
[WARNING] stderr:     self._run_prepare()
[WARNING] stderr:   File "/data/user/0/ru.iiec.pydroid3/files/arm-linux-androideabi/lib/python3.9/site-packages/kivy/app.py", line 919, in _run_prepare
[WARNING] stderr:     root = self.build()
[WARNING] stderr:   File "/storage/emulated/0/WINE PLAYER DEFENITIVO APK/Here new/main.py", line 89, in build
[WARNING] stderr:     return Manager()
[WARNING] stderr:   File "/data/user/0/ru.iiec.pydroid3/files/arm-linux-androideabi/lib/python3.9/site-packages/kivy/uix/screenmanager.py", line 973, in __init__
[WARNING] stderr:     super(ScreenManager, self).__init__(**kwargs)
[WARNING] stderr:   File "/data/user/0/ru.iiec.pydroid3/files/arm-linux-androideabi/lib/python3.9/site-packages/kivy/uix/floatlayout.py", line 65, in __init__
[WARNING] stderr:     super(FloatLayout, self).__init__(**kwargs)
[WARNING] stderr:   File "/data/user/0/ru.iiec.pydroid3/files/arm-linux-androideabi/lib/python3.9/site-packages/kivy/uix/layout.py", line 76, in __init__
[WARNING] stderr:     super(Layout, self).__init__(**kwargs)
[WARNING] stderr:   File "/data/user/0/ru.iiec.pydroid3/files/arm-linux-androideabi/lib/python3.9/site-packages/kivy/uix/widget.py", line 359, in __init__
[WARNING] stderr:     self.apply_class_lang_rules(
[WARNING] stderr:   File "/data/user/0/ru.iiec.pydroid3/files/arm-linux-androideabi/lib/python3.9/site-packages/kivy/uix/widget.py", line 463, in apply_class_lang_rules
[WARNING] stderr:     Builder.apply(
[WARNING] stderr:   File "/data/user/0/ru.iiec.pydroid3/files/arm-linux-androideabi/lib/python3.9/site-packages/kivy/lang/builder.py", line 541, in apply
[WARNING] stderr:     self._apply_rule(
[WARNING] stderr:   File "/data/user/0/ru.iiec.pydroid3/files/arm-linux-androideabi/lib/python3.9/site-packages/kivy/lang/builder.py", line 661, in _apply_rule
[WARNING] stderr:     child.apply_class_lang_rules(
[WARNING] stderr:   File "/data/user/0/ru.iiec.pydroid3/files/arm-linux-androideabi/lib/python3.9/site-packages/kivy/uix/widget.py", line 463, in apply_class_lang_rules
[WARNING] stderr:     Builder.apply(
[WARNING] stderr:   File "/data/user/0/ru.iiec.pydroid3/files/arm-linux-androideabi/lib/python3.9/site-packages/kivy/lang/builder.py", line 541, in apply
[WARNING] stderr:     self._apply_rule(
[WARNING] stderr:   File "/data/user/0/ru.iiec.pydroid3/files/arm-linux-androideabi/lib/python3.9/site-packages/kivy/lang/builder.py", line 663, in _apply_rule
[WARNING] stderr:     self._apply_rule(
[WARNING] stderr:   File "/data/user/0/ru.iiec.pydroid3/files/arm-linux-androideabi/lib/python3.9/site-packages/kivy/lang/builder.py", line 663, in _apply_rule
[WARNING] stderr:     self._apply_rule(
[WARNING] stderr:   File "/data/user/0/ru.iiec.pydroid3/files/arm-linux-androideabi/lib/python3.9/site-packages/kivy/lang/builder.py", line 600, in _apply_rule
[WARNING] stderr:     self._build_canvas(widget.canvas, widget,
[WARNING] stderr:   File "/data/user/0/ru.iiec.pydroid3/files/arm-linux-androideabi/lib/python3.9/site-packages/kivy/lang/builder.py", line 929, in _build_canvas
[WARNING] stderr:     raise BuilderException(
[WARNING] stderr: kivy.lang.builder.BuilderException: Parser: File "/storage/emulated/0/WINE PLAYER DEFENITIVO APK/Here new/thewineplayer.kv", line 12:
[WARNING] stderr: ...
[WARNING] stderr:      10:	                pos: self.pos
[WARNING] stderr:      11:	                texture: 
[WARNING] stderr: >>   12:	                    Gradient.vertical(get_color_from_hex("032336"),get_color_from_hex("0C2D3E"),get_color_from_hex("0D171B"),get_color_from_hex("0D171B"),get_color_from_hex("0D171B"))
[WARNING] stderr:      13:			size_hint_y:None
[WARNING] stderr:      14:            height:self.minimum_height
[WARNING] stderr: ...
[WARNING] stderr: BuilderException: Parser: File "/storage/emulated/0/WINE PLAYER DEFENITIVO APK/Here new/thewineplayer.kv", line 12:
[WARNING] stderr: ...
[WARNING] stderr:      10:	                pos: self.pos
[WARNING] stderr:      11:	                texture: 
[WARNING] stderr: >>   12:	                    Gradient.vertical(get_color_from_hex("032336"),get_color_from_hex("0C2D3E"),get_color_from_hex("0D171B"),get_color_from_hex("0D171B"),get_color_from_hex("0D171B"))
[WARNING] stderr:      13:			size_hint_y:None
[WARNING] stderr:      14:            height:self.minimum_height
[WARNING] stderr: ...
[WARNING] stderr: NameError: name 'Gradient' is not defined
[WARNING] stderr:   File "/data/user/0/ru.iiec.pydroid3/files/arm-linux-androideabi/lib/python3.9/site-packages/kivy/lang/builder.py", line 242, in create_handler
[WARNING] stderr:     return eval(value, idmap), bound_list
[WARNING] stderr:   File "/storage/emulated/0/WINE PLAYER DEFENITIVO APK/Here new/thewineplayer.kv", line 12, in <module>
[WARNING] stderr:     Gradient.vertical(get_color_from_hex("032336"),get_color_from_hex("0C2D3E"),get_color_from_hex("0D171B"),get_color_from_hex("0D171B"),get_color_from_hex("0D171B"))
[WARNING] stderr: 
[WARNING] stderr:   File "/data/user/0/ru.iiec.pydroid3/files/arm-linux-androideabi/lib/python3.9/site-packages/kivy/lang/builder.py", line 923, in _build_canvas
[WARNING] stderr:     value, _ = create_handler(
[WARNING] stderr:   File "/data/user/0/ru.iiec.pydroid3/files/arm-linux-androideabi/lib/python3.9/site-packages/kivy/lang/builder.py", line 245, in create_handler
[WARNING] stderr:     raise BuilderException(rule.ctx, rule.line,
[WARNING] stderr: 
